<?xml version="1.0" encoding="UTF-8"?>
<!-- Generated by org.testng.reporters.JUnitXMLReporter -->
<testsuite ignored="0" hostname="Balaji" failures="0" tests="2" name="OrangeAutomation" time="90.229" errors="0" timestamp="2022-08-17T15:54:13 IST">
  <testcase classname="com.metlife.test.LoginUserInterfaceTest" name="textboxPlaceHolderTest" time="20.361"/>
  <testcase classname="com.metlife.test.LoginUserInterfaceTest" name="validateTitleTest" time="6.463"/>
</testsuite> <!-- OrangeAutomation -->
