<?xml version="1.0" encoding="UTF-8"?>
<testng-results ignored="0" total="2" passed="2" failed="0" skipped="0">
  <reporter-output>
  </reporter-output>
  <suite started-at="2022-08-17T15:52:42 IST" name="Default Suite" finished-at="2022-08-17T15:54:13 IST" duration-ms="90229">
    <groups>
    </groups>
    <test started-at="2022-08-17T15:52:42 IST" name="OrangeAutomation" finished-at="2022-08-17T15:54:13 IST" duration-ms="90229">
      <class name="com.metlife.test.LoginUserInterfaceTest">
        <test-method is-config="true" signature="setup()[pri:0, instance:com.metlife.test.LoginUserInterfaceTest@4e3958e7]" started-at="2022-08-17T15:52:42 IST" name="setup" finished-at="2022-08-17T15:53:20 IST" duration-ms="37186" status="PASS">
          <reporter-output>
          </reporter-output>
        </test-method> <!-- setup -->
        <test-method signature="textboxPlaceHolderTest()[pri:0, instance:com.metlife.test.LoginUserInterfaceTest@4e3958e7]" started-at="2022-08-17T15:53:20 IST" name="textboxPlaceHolderTest" finished-at="2022-08-17T15:53:40 IST" duration-ms="20361" status="PASS">
          <reporter-output>
          </reporter-output>
        </test-method> <!-- textboxPlaceHolderTest -->
        <test-method is-config="true" signature="teardown()[pri:0, instance:com.metlife.test.LoginUserInterfaceTest@4e3958e7]" started-at="2022-08-17T15:53:40 IST" name="teardown" finished-at="2022-08-17T15:53:47 IST" duration-ms="7091" status="PASS">
          <reporter-output>
          </reporter-output>
        </test-method> <!-- teardown -->
        <test-method is-config="true" signature="setup()[pri:0, instance:com.metlife.test.LoginUserInterfaceTest@4e3958e7]" started-at="2022-08-17T15:53:47 IST" name="setup" finished-at="2022-08-17T15:54:01 IST" duration-ms="14276" status="PASS">
          <reporter-output>
          </reporter-output>
        </test-method> <!-- setup -->
        <test-method signature="validateTitleTest()[pri:0, instance:com.metlife.test.LoginUserInterfaceTest@4e3958e7]" started-at="2022-08-17T15:54:01 IST" name="validateTitleTest" finished-at="2022-08-17T15:54:08 IST" duration-ms="6463" status="PASS">
          <reporter-output>
          </reporter-output>
        </test-method> <!-- validateTitleTest -->
        <test-method is-config="true" signature="teardown()[pri:0, instance:com.metlife.test.LoginUserInterfaceTest@4e3958e7]" started-at="2022-08-17T15:54:08 IST" name="teardown" finished-at="2022-08-17T15:54:13 IST" duration-ms="4747" status="PASS">
          <reporter-output>
          </reporter-output>
        </test-method> <!-- teardown -->
      </class> <!-- com.metlife.test.LoginUserInterfaceTest -->
    </test> <!-- OrangeAutomation -->
  </suite> <!-- Default Suite -->
</testng-results>
